<?xml version="1.0" encoding="UTF-8"?>
<coverage generated="1689773827464" clover="3.2.0">
  <project timestamp="1689773827464" name="All files">
    <metrics statements="30" coveredstatements="12" conditionals="6" coveredconditionals="0" methods="9" coveredmethods="2" elements="45" coveredelements="14" complexity="0" loc="30" ncloc="30" packages="1" files="4" classes="4"/>
    <file name="async.js" path="D:\VELEN\Learn\Wiliam\NodeJS\UnitTestNodeJS\p7\src\async.js">
      <metrics statements="6" coveredstatements="0" conditionals="2" coveredconditionals="0" methods="3" coveredmethods="0"/>
      <line num="1" count="0" type="stmt"/>
      <line num="2" count="0" type="stmt"/>
      <line num="3" count="0" type="stmt"/>
      <line num="4" count="0" type="cond" truecount="0" falsecount="2"/>
      <line num="5" count="0" type="stmt"/>
      <line num="7" count="0" type="stmt"/>
    </file>
    <file name="exception.js" path="D:\VELEN\Learn\Wiliam\NodeJS\UnitTestNodeJS\p7\src\exception.js">
      <metrics statements="3" coveredstatements="0" conditionals="2" coveredconditionals="0" methods="1" coveredmethods="0"/>
      <line num="4" count="0" type="cond" truecount="0" falsecount="2"/>
      <line num="5" count="0" type="stmt"/>
      <line num="7" count="0" type="stmt"/>
    </file>
    <file name="sayHello.js" path="D:\VELEN\Learn\Wiliam\NodeJS\UnitTestNodeJS\p7\src\sayHello.js">
      <metrics statements="4" coveredstatements="0" conditionals="2" coveredconditionals="0" methods="1" coveredmethods="0"/>
      <line num="1" count="0" type="stmt"/>
      <line num="2" count="0" type="cond" truecount="0" falsecount="2"/>
      <line num="3" count="0" type="stmt"/>
      <line num="5" count="0" type="stmt"/>
    </file>
    <file name="sum.js" path="D:\VELEN\Learn\Wiliam\NodeJS\UnitTestNodeJS\p7\src\sum.js">
      <metrics statements="17" coveredstatements="12" conditionals="0" coveredconditionals="0" methods="4" coveredmethods="2"/>
      <line num="1" count="1" type="stmt"/>
      <line num="2" count="0" type="stmt"/>
      <line num="5" count="1" type="stmt"/>
      <line num="6" count="0" type="stmt"/>
      <line num="7" count="0" type="stmt"/>
      <line num="8" count="0" type="stmt"/>
      <line num="10" count="0" type="stmt"/>
      <line num="13" count="1" type="stmt"/>
      <line num="14" count="4" type="stmt"/>
      <line num="15" count="4" type="stmt"/>
      <line num="16" count="16" type="stmt"/>
      <line num="18" count="4" type="stmt"/>
      <line num="21" count="1" type="stmt"/>
      <line num="22" count="4" type="stmt"/>
      <line num="23" count="4" type="stmt"/>
      <line num="24" count="17" type="stmt"/>
      <line num="26" count="4" type="stmt"/>
    </file>
  </project>
</coverage>
