<?xml version="1.0" encoding="UTF-8"?>
<coverage generated="1689688440201" clover="3.2.0">
  <project timestamp="1689688440201" name="All files">
    <metrics statements="20" coveredstatements="3" conditionals="6" coveredconditionals="1" methods="7" coveredmethods="1" elements="33" coveredelements="5" complexity="0" loc="20" ncloc="20" packages="1" files="4" classes="4"/>
    <file name="async.js" path="D:\VELEN\Learn\Wiliam\NodeJS\UnitTestNodeJS\p6\src\async.js">
      <metrics statements="6" coveredstatements="0" conditionals="2" coveredconditionals="0" methods="3" coveredmethods="0"/>
      <line num="1" count="0" type="stmt"/>
      <line num="2" count="0" type="stmt"/>
      <line num="3" count="0" type="stmt"/>
      <line num="4" count="0" type="cond" truecount="0" falsecount="2"/>
      <line num="5" count="0" type="stmt"/>
      <line num="7" count="0" type="stmt"/>
    </file>
    <file name="exception.js" path="D:\VELEN\Learn\Wiliam\NodeJS\UnitTestNodeJS\p6\src\exception.js">
      <metrics statements="3" coveredstatements="0" conditionals="2" coveredconditionals="0" methods="1" coveredmethods="0"/>
      <line num="4" count="0" type="cond" truecount="0" falsecount="2"/>
      <line num="5" count="0" type="stmt"/>
      <line num="7" count="0" type="stmt"/>
    </file>
    <file name="sayHello.js" path="D:\VELEN\Learn\Wiliam\NodeJS\UnitTestNodeJS\p6\src\sayHello.js">
      <metrics statements="4" coveredstatements="3" conditionals="2" coveredconditionals="1" methods="1" coveredmethods="1"/>
      <line num="1" count="1" type="stmt"/>
      <line num="2" count="2" type="cond" truecount="1" falsecount="1"/>
      <line num="3" count="2" type="stmt"/>
      <line num="5" count="0" type="stmt"/>
    </file>
    <file name="sum.js" path="D:\VELEN\Learn\Wiliam\NodeJS\UnitTestNodeJS\p6\src\sum.js">
      <metrics statements="7" coveredstatements="0" conditionals="0" coveredconditionals="0" methods="2" coveredmethods="0"/>
      <line num="1" count="0" type="stmt"/>
      <line num="2" count="0" type="stmt"/>
      <line num="5" count="0" type="stmt"/>
      <line num="6" count="0" type="stmt"/>
      <line num="7" count="0" type="stmt"/>
      <line num="8" count="0" type="stmt"/>
      <line num="10" count="0" type="stmt"/>
    </file>
  </project>
</coverage>
